<?xml version="1.0" encoding="UTF-8"?>
<!-- Generated by org.testng.reporters.JUnitReportReporter -->
<testsuite hostname="DESKTOP-MHPJU3Q" name="gui.OrderFill" tests="1" failures="0" timestamp="3 Sep 2016 18:36:33 GMT" time="17.388" errors="0">
  <testcase name="OrderFilling" time="17.388" classname="gui.OrderFill"/>
</testsuite> <!-- gui.OrderFill -->
