<?xml version="1.0" encoding="UTF-8"?>
<!-- Generated by org.testng.reporters.JUnitReportReporter -->
<testsuite hostname="DESKTOP-MHPJU3Q" name="gui.NewTest" tests="2" failures="0" timestamp="3 Sep 2016 18:36:33 GMT" time="29.936" errors="0">
  <testcase name="levelTwo" time="0.002" classname="gui.NewTest"/>
  <testcase name="OpenBrowser" time="29.934" classname="gui.NewTest"/>
</testsuite> <!-- gui.NewTest -->
